14-Apr-2024 09:08:19.649 SEVERE [http-nio-4040-exec-7] org.camunda.commons.logging.BaseLogger.logError ENGINE-16004 Exception while closing command context: Unknown property used in expression: ${tokenUrl}. Cause: Cannot resolve identifier 'tokenUrl'
	org.camunda.bpm.engine.ProcessEngineException: Unknown property used in expression: ${tokenUrl}. Cause: Cannot resolve identifier 'tokenUrl'
		at org.camunda.bpm.engine.impl.el.JuelExpression.getValue(JuelExpression.java:63)
		at org.camunda.bpm.engine.impl.el.JuelExpression.getValue(JuelExpression.java:51)
		at org.camunda.bpm.engine.impl.el.ElValueProvider.getValue(ElValueProvider.java:40)
		at org.camunda.bpm.engine.impl.core.variable.mapping.InputParameter.execute(InputParameter.java:46)
		at org.camunda.bpm.engine.impl.core.variable.mapping.IoParameter.execute(IoParameter.java:51)
		at org.camunda.bpm.engine.impl.core.variable.mapping.IoMapping.executeInputParameters(IoMapping.java:39)
		at org.camunda.connect.plugin.impl.ServiceTaskConnectorActivityBehavior.applyInputParameters(ServiceTaskConnectorActivityBehavior.java:75)
		at org.camunda.connect.plugin.impl.ServiceTaskConnectorActivityBehavior$1.call(ServiceTaskConnectorActivityBehavior.java:59)
		at org.camunda.connect.plugin.impl.ServiceTaskConnectorActivityBehavior$1.call(ServiceTaskConnectorActivityBehavior.java:55)
		at org.camunda.bpm.engine.impl.bpmn.behavior.AbstractBpmnActivityBehavior.executeWithErrorPropagation(AbstractBpmnActivityBehavior.java:90)
		at org.camunda.connect.plugin.impl.ServiceTaskConnectorActivityBehavior.execute(ServiceTaskConnectorActivityBehavior.java:55)
		at org.camunda.bpm.engine.impl.pvm.runtime.operation.PvmAtomicOperationActivityExecute$2.callback(PvmAtomicOperationActivityExecute.java:61)
		at org.camunda.bpm.engine.impl.pvm.runtime.operation.PvmAtomicOperationActivityExecute$2.callback(PvmAtomicOperationActivityExecute.java:50)
		at org.camunda.bpm.engine.impl.pvm.runtime.PvmExecutionImpl.continueIfExecutionDoesNotAffectNextOperation(PvmExecutionImpl.java:2082)
		at org.camunda.bpm.engine.impl.pvm.runtime.operation.PvmAtomicOperationActivityExecute.execute(PvmAtomicOperationActivityExecute.java:42)
		at org.camunda.bpm.engine.impl.pvm.runtime.operation.PvmAtomicOperationActivityExecute.execute(PvmAtomicOperationActivityExecute.java:31)
		at org.camunda.bpm.engine.impl.interceptor.AtomicOperationInvocation.execute(AtomicOperationInvocation.java:99)
		at org.camunda.bpm.engine.impl.interceptor.CommandInvocationContext.invokeNext(CommandInvocationContext.java:130)
		at org.camunda.bpm.engine.impl.interceptor.CommandInvocationContext.performNext(CommandInvocationContext.java:110)
		at org.camunda.bpm.engine.impl.interceptor.CommandInvocationContext.performOperation(CommandInvocationContext.java:85)
		at org.camunda.bpm.engine.impl.persistence.entity.ExecutionEntity.performOperation(ExecutionEntity.java:622)
		at org.camunda.bpm.engine.impl.persistence.entity.ExecutionEntity.performOperation(ExecutionEntity.java:596)
		at org.camunda.bpm.engine.impl.pvm.runtime.PvmExecutionImpl$6.callback(PvmExecutionImpl.java:2021)
		at org.camunda.bpm.engine.impl.pvm.runtime.PvmExecutionImpl$6.callback(PvmExecutionImpl.java:2018)
		at org.camunda.bpm.engine.impl.pvm.runtime.PvmExecutionImpl.continueExecutionIfNotCanceled(PvmExecutionImpl.java:2088)
		at org.camunda.bpm.engine.impl.pvm.runtime.PvmExecutionImpl.dispatchDelayedEventsAndPerformOperation(PvmExecutionImpl.java:2037)
		at org.camunda.bpm.engine.impl.pvm.runtime.PvmExecutionImpl.dispatchDelayedEventsAndPerformOperation(PvmExecutionImpl.java:2018)
		at org.camunda.bpm.engine.impl.pvm.runtime.operation.PvmAtomicOperationTransitionNotifyListenerStart.eventNotificationsCompleted(PvmAtomicOperationTransitionNotifyListenerStart.java:61)
		at org.camunda.bpm.engine.impl.pvm.runtime.operation.PvmAtomicOperationTransitionNotifyListenerStart.eventNotificationsCompleted(PvmAtomicOperationTransitionNotifyListenerStart.java:30)
		at org.camunda.bpm.engine.impl.core.operation.AbstractEventAtomicOperation.execute(AbstractEventAtomicOperation.java:70)
		at org.camunda.bpm.engine.impl.interceptor.AtomicOperationInvocation.execute(AtomicOperationInvocation.java:99)
		at org.camunda.bpm.engine.impl.interceptor.CommandInvocationContext.invokeNext(CommandInvocationContext.java:130)
		at org.camunda.bpm.engine.impl.interceptor.CommandInvocationContext.performNext(CommandInvocationContext.java:110)
		at org.camunda.bpm.engine.impl.interceptor.CommandInvocationContext.performOperation(CommandInvocationContext.java:85)
		at org.camunda.bpm.engine.impl.interceptor.CommandInvocationContext.performOperation(CommandInvocationContext.java:75)
		at org.camunda.bpm.engine.impl.persistence.entity.ExecutionEntity.performOperationSync(ExecutionEntity.java:631)
		at org.camunda.bpm.engine.impl.persistence.entity.ExecutionEntity.performOperationSync(ExecutionEntity.java:606)
		at org.camunda.bpm.engine.impl.core.operation.AbstractEventAtomicOperation.execute(AbstractEventAtomicOperation.java:66)
		at org.camunda.bpm.engine.impl.interceptor.AtomicOperationInvocation.execute(AtomicOperationInvocation.java:99)
		at org.camunda.bpm.engine.impl.interceptor.CommandInvocationContext.invokeNext(CommandInvocationContext.java:130)
		at org.camunda.bpm.engine.impl.interceptor.CommandInvocationContext.performNext(CommandInvocationContext.java:110)
		at org.camunda.bpm.engine.impl.interceptor.CommandInvocationContext.performOperation(CommandInvocationContext.java:85)
		at org.camunda.bpm.engine.impl.interceptor.CommandInvocationContext.performOperation(CommandInvocationContext.java:75)
		at org.camunda.bpm.engine.impl.persistence.entity.ExecutionEntity.performOperationSync(ExecutionEntity.java:631)
		at org.camunda.bpm.engine.impl.persistence.entity.ExecutionEntity.performOperationSync(ExecutionEntity.java:606)
		at org.camunda.bpm.engine.impl.core.operation.AbstractEventAtomicOperation.execute(AbstractEventAtomicOperation.java:66)
		at org.camunda.bpm.engine.impl.interceptor.AtomicOperationInvocation.execute(AtomicOperationInvocation.java:99)
		at org.camunda.bpm.engine.impl.interceptor.CommandInvocationContext.invokeNext(CommandInvocationContext.java:130)
		at org.camunda.bpm.engine.impl.interceptor.CommandInvocationContext.performNext(CommandInvocationContext.java:110)
		at org.camunda.bpm.engine.impl.interceptor.CommandInvocationContext.performOperation(CommandInvocationContext.java:85)
		at org.camunda.bpm.engine.impl.interceptor.CommandInvocationContext.performOperation(CommandInvocationContext.java:75)
		at org.camunda.bpm.engine.impl.persistence.entity.ExecutionEntity.performOperationSync(ExecutionEntity.java:631)
		at org.camunda.bpm.engine.impl.persistence.entity.ExecutionEntity.performOperationSync(ExecutionEntity.java:606)
		at org.camunda.bpm.engine.impl.core.operation.AbstractEventAtomicOperation.execute(AbstractEventAtomicOperation.java:66)
		at org.camunda.bpm.engine.impl.interceptor.AtomicOperationInvocation.execute(AtomicOperationInvocation.java:99)
		at org.camunda.bpm.engine.impl.interceptor.CommandInvocationContext.invokeNext(CommandInvocationContext.java:130)
		at org.camunda.bpm.engine.impl.interceptor.CommandInvocationContext.performNext(CommandInvocationContext.java:110)
		at org.camunda.bpm.engine.impl.interceptor.CommandInvocationContext.performOperation(CommandInvocationContext.java:85)
		at org.camunda.bpm.engine.impl.persistence.entity.ExecutionEntity.performOperation(ExecutionEntity.java:622)
		at org.camunda.bpm.engine.impl.persistence.entity.ExecutionEntity.performOperation(ExecutionEntity.java:596)
		at org.camunda.bpm.engine.impl.pvm.runtime.operation.PvmAtomicOperationTransitionCreateScope.scopeCreated(PvmAtomicOperationTransitionCreateScope.java:38)
		at org.camunda.bpm.engine.impl.pvm.runtime.operation.PvmAtomicOperationCreateScope.execute(PvmAtomicOperationCreateScope.java:53)
		at org.camunda.bpm.engine.impl.pvm.runtime.operation.PvmAtomicOperationCreateScope.execute(PvmAtomicOperationCreateScope.java:27)
		at org.camunda.bpm.engine.impl.interceptor.AtomicOperationInvocation.execute(AtomicOperationInvocation.java:99)
		at org.camunda.bpm.engine.impl.interceptor.CommandInvocationContext.invokeNext(CommandInvocationContext.java:130)
		at org.camunda.bpm.engine.impl.interceptor.CommandInvocationContext.performNext(CommandInvocationContext.java:117)
		at org.camunda.bpm.engine.impl.interceptor.CommandInvocationContext.performOperation(CommandInvocationContext.java:85)
		at org.camunda.bpm.engine.impl.persistence.entity.ExecutionEntity.performOperation(ExecutionEntity.java:622)
		at org.camunda.bpm.engine.impl.persistence.entity.ExecutionEntity.performOperation(ExecutionEntity.java:596)
		at org.camunda.bpm.engine.impl.pvm.runtime.PvmExecutionImpl.start(PvmExecutionImpl.java:292)
		at org.camunda.bpm.engine.impl.persistence.entity.ExecutionEntity.start(ExecutionEntity.java:449)
		at org.camunda.bpm.engine.impl.pvm.runtime.PvmExecutionImpl.start(PvmExecutionImpl.java:269)
		at org.camunda.bpm.engine.impl.cmd.StartProcessInstanceCmd.execute(StartProcessInstanceCmd.java:66)
		at org.camunda.bpm.engine.impl.cmd.StartProcessInstanceCmd.execute(StartProcessInstanceCmd.java:38)
		at org.camunda.bpm.engine.impl.interceptor.CommandExecutorImpl.execute(CommandExecutorImpl.java:28)
		at org.camunda.bpm.engine.impl.interceptor.CommandContextInterceptor.execute(CommandContextInterceptor.java:110)
		at org.camunda.bpm.engine.impl.interceptor.ProcessApplicationContextInterceptor.execute(ProcessApplicationContextInterceptor.java:70)
		at org.camunda.bpm.engine.impl.interceptor.CommandCounterInterceptor.execute(CommandCounterInterceptor.java:35)
		at org.camunda.bpm.engine.impl.interceptor.LogInterceptor.execute(LogInterceptor.java:33)
		at org.camunda.bpm.engine.impl.interceptor.ExceptionCodeInterceptor.execute(ExceptionCodeInterceptor.java:55)
		at org.camunda.bpm.engine.impl.ProcessInstantiationBuilderImpl.executeWithVariablesInReturn(ProcessInstantiationBuilderImpl.java:166)
		at org.camunda.bpm.engine.rest.sub.repository.impl.ProcessDefinitionResourceImpl.startProcessInstanceAtActivities(ProcessDefinitionResourceImpl.java:179)
		at org.camunda.bpm.engine.rest.sub.repository.impl.ProcessDefinitionResourceImpl.startProcessInstance(ProcessDefinitionResourceImpl.java:129)
		at java.base/jdk.internal.reflect.NativeMethodAccessorImpl.invoke0(Native Method)
		at java.base/jdk.internal.reflect.NativeMethodAccessorImpl.invoke(NativeMethodAccessorImpl.java:77)
		at java.base/jdk.internal.reflect.DelegatingMethodAccessorImpl.invoke(DelegatingMethodAccessorImpl.java:43)
		at java.base/java.lang.reflect.Method.invoke(Method.java:568)
		at org.jboss.resteasy.core.MethodInjectorImpl.invoke(MethodInjectorImpl.java:138)
		at org.jboss.resteasy.core.ResourceMethodInvoker.internalInvokeOnTarget(ResourceMethodInvoker.java:546)
		at org.jboss.resteasy.core.ResourceMethodInvoker.invokeOnTargetAfterFilter(ResourceMethodInvoker.java:435)
		at org.jboss.resteasy.core.ResourceMethodInvoker.lambda$invokeOnTarget$0(ResourceMethodInvoker.java:396)
		at org.jboss.resteasy.core.interception.PreMatchContainerRequestContext.filter(PreMatchContainerRequestContext.java:358)
		at org.jboss.resteasy.core.ResourceMethodInvoker.invokeOnTarget(ResourceMethodInvoker.java:398)
		at org.jboss.resteasy.core.ResourceMethodInvoker.invoke(ResourceMethodInvoker.java:365)
		at org.jboss.resteasy.core.ResourceLocatorInvoker.invokeOnTargetObject(ResourceLocatorInvoker.java:150)
		at org.jboss.resteasy.core.ResourceLocatorInvoker.invoke(ResourceLocatorInvoker.java:110)
		at org.jboss.resteasy.core.ResourceLocatorInvoker.invokeOnTargetObject(ResourceLocatorInvoker.java:141)
		at org.jboss.resteasy.core.ResourceLocatorInvoker.invoke(ResourceLocatorInvoker.java:104)
		at org.jboss.resteasy.core.SynchronousDispatcher.invoke(SynchronousDispatcher.java:440)
		at org.jboss.resteasy.core.SynchronousDispatcher.lambda$invoke$4(SynchronousDispatcher.java:229)
		at org.jboss.resteasy.core.SynchronousDispatcher.lambda$preprocess$0(SynchronousDispatcher.java:135)
		at org.jboss.resteasy.core.interception.PreMatchContainerRequestContext.filter(PreMatchContainerRequestContext.java:358)
		at org.jboss.resteasy.core.SynchronousDispatcher.preprocess(SynchronousDispatcher.java:138)
		at org.jboss.resteasy.core.SynchronousDispatcher.invoke(SynchronousDispatcher.java:215)
		at org.jboss.resteasy.plugins.server.servlet.ServletContainerDispatcher.service(ServletContainerDispatcher.java:245)
		at org.jboss.resteasy.plugins.server.servlet.HttpServletDispatcher.service(HttpServletDispatcher.java:61)
		at org.jboss.resteasy.plugins.server.servlet.HttpServletDispatcher.service(HttpServletDispatcher.java:56)
		at javax.servlet.http.HttpServlet.service(HttpServlet.java:623)
		at org.apache.catalina.core.ApplicationFilterChain.internalDoFilter(ApplicationFilterChain.java:209)
		at org.apache.catalina.core.ApplicationFilterChain.doFilter(ApplicationFilterChain.java:153)
		at org.apache.tomcat.websocket.server.WsFilter.doFilter(WsFilter.java:51)
		at org.apache.catalina.core.ApplicationFilterChain.internalDoFilter(ApplicationFilterChain.java:178)
		at org.apache.catalina.core.ApplicationFilterChain.doFilter(ApplicationFilterChain.java:153)
		at org.camunda.bpm.engine.rest.filter.CacheControlFilter.doFilter(CacheControlFilter.java:45)
		at org.apache.catalina.core.ApplicationFilterChain.internalDoFilter(ApplicationFilterChain.java:178)
		at org.apache.catalina.core.ApplicationFilterChain.doFilter(ApplicationFilterChain.java:153)
		at org.camunda.bpm.engine.rest.filter.AbstractEmptyBodyFilter.doFilter(AbstractEmptyBodyFilter.java:56)
		at org.apache.catalina.core.ApplicationFilterChain.internalDoFilter(ApplicationFilterChain.java:178)
		at org.apache.catalina.core.ApplicationFilterChain.doFilter(ApplicationFilterChain.java:153)
		at org.apache.catalina.core.StandardWrapperValve.invoke(StandardWrapperValve.java:167)
		at org.apache.catalina.core.StandardContextValve.invoke(StandardContextValve.java:90)
		at org.apache.catalina.authenticator.AuthenticatorBase.invoke(AuthenticatorBase.java:481)
		at org.apache.catalina.core.StandardHostValve.invoke(StandardHostValve.java:130)
		at org.apache.catalina.valves.ErrorReportValve.invoke(ErrorReportValve.java:93)
		at org.apache.catalina.valves.AbstractAccessLogValve.invoke(AbstractAccessLogValve.java:673)
		at org.apache.catalina.core.StandardEngineValve.invoke(StandardEngineValve.java:74)
		at org.apache.catalina.connector.CoyoteAdapter.service(CoyoteAdapter.java:343)
		at org.apache.coyote.http11.Http11Processor.service(Http11Processor.java:390)
		at org.apache.coyote.AbstractProcessorLight.process(AbstractProcessorLight.java:63)
		at org.apache.coyote.AbstractProtocol$ConnectionHandler.process(AbstractProtocol.java:926)
		at org.apache.tomcat.util.net.NioEndpoint$SocketProcessor.doRun(NioEndpoint.java:1791)
		at org.apache.tomcat.util.net.SocketProcessorBase.run(SocketProcessorBase.java:52)
		at org.apache.tomcat.util.threads.ThreadPoolExecutor.runWorker(ThreadPoolExecutor.java:1191)
		at org.apache.tomcat.util.threads.ThreadPoolExecutor$Worker.run(ThreadPoolExecutor.java:659)
		at org.apache.tomcat.util.threads.TaskThread$WrappingRunnable.run(TaskThread.java:61)
		at java.base/java.lang.Thread.run(Thread.java:833)
	Caused by: org.camunda.bpm.impl.juel.jakarta.el.PropertyNotFoundException: Cannot resolve identifier 'tokenUrl'
		at org.camunda.bpm.impl.juel.AstIdentifier.eval(AstIdentifier.java:83)
		at org.camunda.bpm.impl.juel.AstEval.eval(AstEval.java:50)
		at org.camunda.bpm.impl.juel.AstNode.getValue(AstNode.java:26)
		at org.camunda.bpm.impl.juel.TreeValueExpression.getValue(TreeValueExpression.java:112)
		at org.camunda.bpm.engine.impl.delegate.ExpressionGetInvocation.invoke(ExpressionGetInvocation.java:40)
		at org.camunda.bpm.engine.impl.delegate.DelegateInvocation.proceed(DelegateInvocation.java:58)
		at org.camunda.bpm.engine.impl.delegate.DefaultDelegateInterceptor.handleInvocationInContext(DefaultDelegateInterceptor.java:92)
		at org.camunda.bpm.engine.impl.delegate.DefaultDelegateInterceptor.handleInvocation(DefaultDelegateInterceptor.java:63)
		at org.camunda.bpm.engine.impl.el.JuelExpression.getValue(JuelExpression.java:60)
		... 135 more
14-Apr-2024 09:08:19.664 WARNING [http-nio-4040-exec-7] org.camunda.commons.logging.BaseLogger.logWarn ENGINE-REST-HTTP500 org.camunda.bpm.engine.rest.exception.RestException: Cannot instantiate process definition 98558607-f5a3-11ee-b80a-745d2211abaa: Unknown property used in expression: ${tokenUrl}. Cause: Cannot resolve identifier 'tokenUrl'
	at org.camunda.bpm.engine.rest.sub.repository.impl.ProcessDefinitionResourceImpl.startProcessInstance(ProcessDefinitionResourceImpl.java:135)
	at java.base/jdk.internal.reflect.NativeMethodAccessorImpl.invoke0(Native Method)
	at java.base/jdk.internal.reflect.NativeMethodAccessorImpl.invoke(NativeMethodAccessorImpl.java:77)
	at java.base/jdk.internal.reflect.DelegatingMethodAccessorImpl.invoke(DelegatingMethodAccessorImpl.java:43)
	at java.base/java.lang.reflect.Method.invoke(Method.java:568)
	at org.jboss.resteasy.core.MethodInjectorImpl.invoke(MethodInjectorImpl.java:138)
	at org.jboss.resteasy.core.ResourceMethodInvoker.internalInvokeOnTarget(ResourceMethodInvoker.java:546)
	at org.jboss.resteasy.core.ResourceMethodInvoker.invokeOnTargetAfterFilter(ResourceMethodInvoker.java:435)
	at org.jboss.resteasy.core.ResourceMethodInvoker.lambda$invokeOnTarget$0(ResourceMethodInvoker.java:396)
	at org.jboss.resteasy.core.interception.PreMatchContainerRequestContext.filter(PreMatchContainerRequestContext.java:358)
	at org.jboss.resteasy.core.ResourceMethodInvoker.invokeOnTarget(ResourceMethodInvoker.java:398)
	at org.jboss.resteasy.core.ResourceMethodInvoker.invoke(ResourceMethodInvoker.java:365)
	at org.jboss.resteasy.core.ResourceLocatorInvoker.invokeOnTargetObject(ResourceLocatorInvoker.java:150)
	at org.jboss.resteasy.core.ResourceLocatorInvoker.invoke(ResourceLocatorInvoker.java:110)
	at org.jboss.resteasy.core.ResourceLocatorInvoker.invokeOnTargetObject(ResourceLocatorInvoker.java:141)
	at org.jboss.resteasy.core.ResourceLocatorInvoker.invoke(ResourceLocatorInvoker.java:104)
	at org.jboss.resteasy.core.SynchronousDispatcher.invoke(SynchronousDispatcher.java:440)
	at org.jboss.resteasy.core.SynchronousDispatcher.lambda$invoke$4(SynchronousDispatcher.java:229)
	at org.jboss.resteasy.core.SynchronousDispatcher.lambda$preprocess$0(SynchronousDispatcher.java:135)
	at org.jboss.resteasy.core.interception.PreMatchContainerRequestContext.filter(PreMatchContainerRequestContext.java:358)
	at org.jboss.resteasy.core.SynchronousDispatcher.preprocess(SynchronousDispatcher.java:138)
	at org.jboss.resteasy.core.SynchronousDispatcher.invoke(SynchronousDispatcher.java:215)
	at org.jboss.resteasy.plugins.server.servlet.ServletContainerDispatcher.service(ServletContainerDispatcher.java:245)
	at org.jboss.resteasy.plugins.server.servlet.HttpServletDispatcher.service(HttpServletDispatcher.java:61)
	at org.jboss.resteasy.plugins.server.servlet.HttpServletDispatcher.service(HttpServletDispatcher.java:56)
	at javax.servlet.http.HttpServlet.service(HttpServlet.java:623)
	at org.apache.catalina.core.ApplicationFilterChain.internalDoFilter(ApplicationFilterChain.java:209)
	at org.apache.catalina.core.ApplicationFilterChain.doFilter(ApplicationFilterChain.java:153)
	at org.apache.tomcat.websocket.server.WsFilter.doFilter(WsFilter.java:51)
	at org.apache.catalina.core.ApplicationFilterChain.internalDoFilter(ApplicationFilterChain.java:178)
	at org.apache.catalina.core.ApplicationFilterChain.doFilter(ApplicationFilterChain.java:153)
	at org.camunda.bpm.engine.rest.filter.CacheControlFilter.doFilter(CacheControlFilter.java:45)
	at org.apache.catalina.core.ApplicationFilterChain.internalDoFilter(ApplicationFilterChain.java:178)
	at org.apache.catalina.core.ApplicationFilterChain.doFilter(ApplicationFilterChain.java:153)
	at org.camunda.bpm.engine.rest.filter.AbstractEmptyBodyFilter.doFilter(AbstractEmptyBodyFilter.java:56)
	at org.apache.catalina.core.ApplicationFilterChain.internalDoFilter(ApplicationFilterChain.java:178)
	at org.apache.catalina.core.ApplicationFilterChain.doFilter(ApplicationFilterChain.java:153)
	at org.apache.catalina.core.StandardWrapperValve.invoke(StandardWrapperValve.java:167)
	at org.apache.catalina.core.StandardContextValve.invoke(StandardContextValve.java:90)
	at org.apache.catalina.authenticator.AuthenticatorBase.invoke(AuthenticatorBase.java:481)
	at org.apache.catalina.core.StandardHostValve.invoke(StandardHostValve.java:130)
	at org.apache.catalina.valves.ErrorReportValve.invoke(ErrorReportValve.java:93)
	at org.apache.catalina.valves.AbstractAccessLogValve.invoke(AbstractAccessLogValve.java:673)
	at org.apache.catalina.core.StandardEngineValve.invoke(StandardEngineValve.java:74)
	at org.apache.catalina.connector.CoyoteAdapter.service(CoyoteAdapter.java:343)
	at org.apache.coyote.http11.Http11Processor.service(Http11Processor.java:390)
	at org.apache.coyote.AbstractProcessorLight.process(AbstractProcessorLight.java:63)
	at org.apache.coyote.AbstractProtocol$ConnectionHandler.process(AbstractProtocol.java:926)
	at org.apache.tomcat.util.net.NioEndpoint$SocketProcessor.doRun(NioEndpoint.java:1791)
	at org.apache.tomcat.util.net.SocketProcessorBase.run(SocketProcessorBase.java:52)
	at org.apache.tomcat.util.threads.ThreadPoolExecutor.runWorker(ThreadPoolExecutor.java:1191)
	at org.apache.tomcat.util.threads.ThreadPoolExecutor$Worker.run(ThreadPoolExecutor.java:659)
	at org.apache.tomcat.util.threads.TaskThread$WrappingRunnable.run(TaskThread.java:61)
	at java.base/java.lang.Thread.run(Thread.java:833)
Caused by: org.camunda.bpm.engine.ProcessEngineException: Unknown property used in expression: ${tokenUrl}. Cause: Cannot resolve identifier 'tokenUrl'
	at org.camunda.bpm.engine.impl.el.JuelExpression.getValue(JuelExpression.java:63)
	at org.camunda.bpm.engine.impl.el.JuelExpression.getValue(JuelExpression.java:51)
	at org.camunda.bpm.engine.impl.el.ElValueProvider.getValue(ElValueProvider.java:40)
	at org.camunda.bpm.engine.impl.core.variable.mapping.InputParameter.execute(InputParameter.java:46)
	at org.camunda.bpm.engine.impl.core.variable.mapping.IoParameter.execute(IoParameter.java:51)
	at org.camunda.bpm.engine.impl.core.variable.mapping.IoMapping.executeInputParameters(IoMapping.java:39)
	at org.camunda.connect.plugin.impl.ServiceTaskConnectorActivityBehavior.applyInputParameters(ServiceTaskConnectorActivityBehavior.java:75)
	at org.camunda.connect.plugin.impl.ServiceTaskConnectorActivityBehavior$1.call(ServiceTaskConnectorActivityBehavior.java:59)
	at org.camunda.connect.plugin.impl.ServiceTaskConnectorActivityBehavior$1.call(ServiceTaskConnectorActivityBehavior.java:55)
	at org.camunda.bpm.engine.impl.bpmn.behavior.AbstractBpmnActivityBehavior.executeWithErrorPropagation(AbstractBpmnActivityBehavior.java:90)
	at org.camunda.connect.plugin.impl.ServiceTaskConnectorActivityBehavior.execute(ServiceTaskConnectorActivityBehavior.java:55)
	at org.camunda.bpm.engine.impl.pvm.runtime.operation.PvmAtomicOperationActivityExecute$2.callback(PvmAtomicOperationActivityExecute.java:61)
	at org.camunda.bpm.engine.impl.pvm.runtime.operation.PvmAtomicOperationActivityExecute$2.callback(PvmAtomicOperationActivityExecute.java:50)
	at org.camunda.bpm.engine.impl.pvm.runtime.PvmExecutionImpl.continueIfExecutionDoesNotAffectNextOperation(PvmExecutionImpl.java:2082)
	at org.camunda.bpm.engine.impl.pvm.runtime.operation.PvmAtomicOperationActivityExecute.execute(PvmAtomicOperationActivityExecute.java:42)
	at org.camunda.bpm.engine.impl.pvm.runtime.operation.PvmAtomicOperationActivityExecute.execute(PvmAtomicOperationActivityExecute.java:31)
	at org.camunda.bpm.engine.impl.interceptor.AtomicOperationInvocation.execute(AtomicOperationInvocation.java:99)
	at org.camunda.bpm.engine.impl.interceptor.CommandInvocationContext.invokeNext(CommandInvocationContext.java:130)
	at org.camunda.bpm.engine.impl.interceptor.CommandInvocationContext.performNext(CommandInvocationContext.java:110)
	at org.camunda.bpm.engine.impl.interceptor.CommandInvocationContext.performOperation(CommandInvocationContext.java:85)
	at org.camunda.bpm.engine.impl.persistence.entity.ExecutionEntity.performOperation(ExecutionEntity.java:622)
	at org.camunda.bpm.engine.impl.persistence.entity.ExecutionEntity.performOperation(ExecutionEntity.java:596)
	at org.camunda.bpm.engine.impl.pvm.runtime.PvmExecutionImpl$6.callback(PvmExecutionImpl.java:2021)
	at org.camunda.bpm.engine.impl.pvm.runtime.PvmExecutionImpl$6.callback(PvmExecutionImpl.java:2018)
	at org.camunda.bpm.engine.impl.pvm.runtime.PvmExecutionImpl.continueExecutionIfNotCanceled(PvmExecutionImpl.java:2088)
	at org.camunda.bpm.engine.impl.pvm.runtime.PvmExecutionImpl.dispatchDelayedEventsAndPerformOperation(PvmExecutionImpl.java:2037)
	at org.camunda.bpm.engine.impl.pvm.runtime.PvmExecutionImpl.dispatchDelayedEventsAndPerformOperation(PvmExecutionImpl.java:2018)
	at org.camunda.bpm.engine.impl.pvm.runtime.operation.PvmAtomicOperationTransitionNotifyListenerStart.eventNotificationsCompleted(PvmAtomicOperationTransitionNotifyListenerStart.java:61)
	at org.camunda.bpm.engine.impl.pvm.runtime.operation.PvmAtomicOperationTransitionNotifyListenerStart.eventNotificationsCompleted(PvmAtomicOperationTransitionNotifyListenerStart.java:30)
	at org.camunda.bpm.engine.impl.core.operation.AbstractEventAtomicOperation.execute(AbstractEventAtomicOperation.java:70)
	at org.camunda.bpm.engine.impl.interceptor.AtomicOperationInvocation.execute(AtomicOperationInvocation.java:99)
	at org.camunda.bpm.engine.impl.interceptor.CommandInvocationContext.invokeNext(CommandInvocationContext.java:130)
	at org.camunda.bpm.engine.impl.interceptor.CommandInvocationContext.performNext(CommandInvocationContext.java:110)
	at org.camunda.bpm.engine.impl.interceptor.CommandInvocationContext.performOperation(CommandInvocationContext.java:85)
	at org.camunda.bpm.engine.impl.interceptor.CommandInvocationContext.performOperation(CommandInvocationContext.java:75)
	at org.camunda.bpm.engine.impl.persistence.entity.ExecutionEntity.performOperationSync(ExecutionEntity.java:631)
	at org.camunda.bpm.engine.impl.persistence.entity.ExecutionEntity.performOperationSync(ExecutionEntity.java:606)
	at org.camunda.bpm.engine.impl.core.operation.AbstractEventAtomicOperation.execute(AbstractEventAtomicOperation.java:66)
	at org.camunda.bpm.engine.impl.interceptor.AtomicOperationInvocation.execute(AtomicOperationInvocation.java:99)
	at org.camunda.bpm.engine.impl.interceptor.CommandInvocationContext.invokeNext(CommandInvocationContext.java:130)
	at org.camunda.bpm.engine.impl.interceptor.CommandInvocationContext.performNext(CommandInvocationContext.java:110)
	at org.camunda.bpm.engine.impl.interceptor.CommandInvocationContext.performOperation(CommandInvocationContext.java:85)
	at org.camunda.bpm.engine.impl.interceptor.CommandInvocationContext.performOperation(CommandInvocationContext.java:75)
	at org.camunda.bpm.engine.impl.persistence.entity.ExecutionEntity.performOperationSync(ExecutionEntity.java:631)
	at org.camunda.bpm.engine.impl.persistence.entity.ExecutionEntity.performOperationSync(ExecutionEntity.java:606)
	at org.camunda.bpm.engine.impl.core.operation.AbstractEventAtomicOperation.execute(AbstractEventAtomicOperation.java:66)
	at org.camunda.bpm.engine.impl.interceptor.AtomicOperationInvocation.execute(AtomicOperationInvocation.java:99)
	at org.camunda.bpm.engine.impl.interceptor.CommandInvocationContext.invokeNext(CommandInvocationContext.java:130)
	at org.camunda.bpm.engine.impl.interceptor.CommandInvocationContext.performNext(CommandInvocationContext.java:110)
	at org.camunda.bpm.engine.impl.interceptor.CommandInvocationContext.performOperation(CommandInvocationContext.java:85)
	at org.camunda.bpm.engine.impl.interceptor.CommandInvocationContext.performOperation(CommandInvocationContext.java:75)
	at org.camunda.bpm.engine.impl.persistence.entity.ExecutionEntity.performOperationSync(ExecutionEntity.java:631)
	at org.camunda.bpm.engine.impl.persistence.entity.ExecutionEntity.performOperationSync(ExecutionEntity.java:606)
	at org.camunda.bpm.engine.impl.core.operation.AbstractEventAtomicOperation.execute(AbstractEventAtomicOperation.java:66)
	at org.camunda.bpm.engine.impl.interceptor.AtomicOperationInvocation.execute(AtomicOperationInvocation.java:99)
	at org.camunda.bpm.engine.impl.interceptor.CommandInvocationContext.invokeNext(CommandInvocationContext.java:130)
	at org.camunda.bpm.engine.impl.interceptor.CommandInvocationContext.performNext(CommandInvocationContext.java:110)
	at org.camunda.bpm.engine.impl.interceptor.CommandInvocationContext.performOperation(CommandInvocationContext.java:85)
	at org.camunda.bpm.engine.impl.persistence.entity.ExecutionEntity.performOperation(ExecutionEntity.java:622)
	at org.camunda.bpm.engine.impl.persistence.entity.ExecutionEntity.performOperation(ExecutionEntity.java:596)
	at org.camunda.bpm.engine.impl.pvm.runtime.operation.PvmAtomicOperationTransitionCreateScope.scopeCreated(PvmAtomicOperationTransitionCreateScope.java:38)
	at org.camunda.bpm.engine.impl.pvm.runtime.operation.PvmAtomicOperationCreateScope.execute(PvmAtomicOperationCreateScope.java:53)
	at org.camunda.bpm.engine.impl.pvm.runtime.operation.PvmAtomicOperationCreateScope.execute(PvmAtomicOperationCreateScope.java:27)
	at org.camunda.bpm.engine.impl.interceptor.AtomicOperationInvocation.execute(AtomicOperationInvocation.java:99)
	at org.camunda.bpm.engine.impl.interceptor.CommandInvocationContext.invokeNext(CommandInvocationContext.java:130)
	at org.camunda.bpm.engine.impl.interceptor.CommandInvocationContext.performNext(CommandInvocationContext.java:117)
	at org.camunda.bpm.engine.impl.interceptor.CommandInvocationContext.performOperation(CommandInvocationContext.java:85)
	at org.camunda.bpm.engine.impl.persistence.entity.ExecutionEntity.performOperation(ExecutionEntity.java:622)
	at org.camunda.bpm.engine.impl.persistence.entity.ExecutionEntity.performOperation(ExecutionEntity.java:596)
	at org.camunda.bpm.engine.impl.pvm.runtime.PvmExecutionImpl.start(PvmExecutionImpl.java:292)
	at org.camunda.bpm.engine.impl.persistence.entity.ExecutionEntity.start(ExecutionEntity.java:449)
	at org.camunda.bpm.engine.impl.pvm.runtime.PvmExecutionImpl.start(PvmExecutionImpl.java:269)
	at org.camunda.bpm.engine.impl.cmd.StartProcessInstanceCmd.execute(StartProcessInstanceCmd.java:66)
	at org.camunda.bpm.engine.impl.cmd.StartProcessInstanceCmd.execute(StartProcessInstanceCmd.java:38)
	at org.camunda.bpm.engine.impl.interceptor.CommandExecutorImpl.execute(CommandExecutorImpl.java:28)
	at org.camunda.bpm.engine.impl.interceptor.CommandContextInterceptor.execute(CommandContextInterceptor.java:110)
	at org.camunda.bpm.engine.impl.interceptor.ProcessApplicationContextInterceptor.execute(ProcessApplicationContextInterceptor.java:70)
	at org.camunda.bpm.engine.impl.interceptor.CommandCounterInterceptor.execute(CommandCounterInterceptor.java:35)
	at org.camunda.bpm.engine.impl.interceptor.LogInterceptor.execute(LogInterceptor.java:33)
	at org.camunda.bpm.engine.impl.interceptor.ExceptionCodeInterceptor.execute(ExceptionCodeInterceptor.java:55)
	at org.camunda.bpm.engine.impl.ProcessInstantiationBuilderImpl.executeWithVariablesInReturn(ProcessInstantiationBuilderImpl.java:166)
	at org.camunda.bpm.engine.rest.sub.repository.impl.ProcessDefinitionResourceImpl.startProcessInstanceAtActivities(ProcessDefinitionResourceImpl.java:179)
	at org.camunda.bpm.engine.rest.sub.repository.impl.ProcessDefinitionResourceImpl.startProcessInstance(ProcessDefinitionResourceImpl.java:129)
	... 53 more
Caused by: org.camunda.bpm.impl.juel.jakarta.el.PropertyNotFoundException: Cannot resolve identifier 'tokenUrl'
	at org.camunda.bpm.impl.juel.AstIdentifier.eval(AstIdentifier.java:83)
	at org.camunda.bpm.impl.juel.AstEval.eval(AstEval.java:50)
	at org.camunda.bpm.impl.juel.AstNode.getValue(AstNode.java:26)
	at org.camunda.bpm.impl.juel.TreeValueExpression.getValue(TreeValueExpression.java:112)
	at org.camunda.bpm.engine.impl.delegate.ExpressionGetInvocation.invoke(ExpressionGetInvocation.java:40)
	at org.camunda.bpm.engine.impl.delegate.DelegateInvocation.proceed(DelegateInvocation.java:58)
	at org.camunda.bpm.engine.impl.delegate.DefaultDelegateInterceptor.handleInvocationInContext(DefaultDelegateInterceptor.java:92)
	at org.camunda.bpm.engine.impl.delegate.DefaultDelegateInterceptor.handleInvocation(DefaultDelegateInterceptor.java:63)
	at org.camunda.bpm.engine.impl.el.JuelExpression.getValue(JuelExpression.java:60)
	... 135 more

